<?xml version="1.0" encoding="UTF-8"?>
<!-- Generated by org.testng.reporters.JUnitReportReporter -->
<testsuite hostname="DESKTOP-8TS8042" failures="0" tests="2" name="ITI.automation.TestCalculator" time="0.024" errors="0" timestamp="2023-05-24T22:42:15 EET" skipped="0">
  <testcase classname="ITI.automation.TestCalculator" name="testAdd" time="0.005"/>
  <system-out/>
  <testcase classname="ITI.automation.TestCalculator" name="testSub" time="0.019"/>
  <system-out/>
</testsuite> <!-- ITI.automation.TestCalculator -->
